2016-06-22 19:16:36 1466594196196842896 [NOTIFY] state change to STOP
2016-06-22 19:17:00 1466594220557781296 [NOTIFY] state change to MASTER
OK
2016-06-22 19:17:03 1466594223572777696 [CHECK] STATUS_TMP: /usr/local/keepalived/bin/status.tmp already exist, OK
2016-06-22 19:17:08 1466594228546616696 [CHECK] STATUS_TMP: /usr/local/keepalived/bin/status.tmp already exist, OK
2016-06-22 19:17:13 1466594233547269596 [CHECK] STATUS_TMP: /usr/local/keepalived/bin/status.tmp already exist, OK
2016-06-22 19:17:18 1466594238547982760 [CHECK] STATUS_TMP: /usr/local/keepalived/bin/status.tmp already exist, OK
2016-06-22 19:17:23 1466594243548872393 [CHECK] STATUS_TMP: /usr/local/keepalived/bin/status.tmp already exist, OK
2016-06-22 19:17:28 1466594248549285572 [CHECK] STATUS_TMP: /usr/local/keepalived/bin/status.tmp already exist, OK
2016-06-22 19:17:33 1466594253550258907 [CHECK] STATUS_TMP: /usr/local/keepalived/bin/status.tmp already exist, OK
2016-06-22 19:17:38 1466594258551095153 [CHECK] STATUS_TMP: /usr/local/keepalived/bin/status.tmp already exist, OK
2016-06-22 19:17:43 1466594263551714097 [CHECK] STATUS_TMP: /usr/local/keepalived/bin/status.tmp already exist, OK
2016-06-22 19:17:48 1466594268552255194 [CHECK] STATUS_TMP: /usr/local/keepalived/bin/status.tmp already exist, OK
2016-06-22 19:17:53 1466594273552999415 [CHECK] STATUS_TMP: /usr/local/keepalived/bin/status.tmp already exist, OK
2016-06-22 19:17:58 1466594278554058993 [CHECK] STATUS_TMP: /usr/local/keepalived/bin/status.tmp already exist, OK
2016-06-22 19:18:03 1466594283554104010 [CHECK] STATUS_TMP: /usr/local/keepalived/bin/status.tmp already exist, OK
2016-06-22 19:18:08 1466594288555102433 [CHECK] STATUS_TMP: /usr/local/keepalived/bin/status.tmp already exist, OK
2016-06-22 19:18:13 1466594293555294832 [CHECK] STATUS_TMP: /usr/local/keepalived/bin/status.tmp already exist, OK
2016-06-22 19:18:18 1466594298556186696 [CHECK] STATUS_TMP: /usr/local/keepalived/bin/status.tmp already exist, OK
2016-06-22 19:18:23 1466594303556845083 [CHECK] STATUS_TMP: /usr/local/keepalived/bin/status.tmp already exist, OK
2016-06-22 19:18:28 1466594308557656329 [CHECK] STATUS_TMP: /usr/local/keepalived/bin/status.tmp already exist, OK
2016-06-22 19:18:33 1466594313558081496 [CHECK] STATUS_TMP: /usr/local/keepalived/bin/status.tmp already exist, OK
2016-06-22 19:18:38 1466594318558587889 [CHECK] STATUS_TMP: /usr/local/keepalived/bin/status.tmp already exist, OK
2016-06-22 19:18:43 1466594323559385597 [CHECK] STATUS_TMP: /usr/local/keepalived/bin/status.tmp already exist, OK
2016-06-22 19:18:48 1466594328559841301 [CHECK] STATUS_TMP: /usr/local/keepalived/bin/status.tmp already exist, OK
2016-06-22 19:18:53 1466594333560381964 [CHECK] STATUS_TMP: /usr/local/keepalived/bin/status.tmp already exist, OK
2016-06-22 19:18:58 1466594338560681596 [CHECK] STATUS_TMP: /usr/local/keepalived/bin/status.tmp already exist, OK
2016-06-22 19:19:03 1466594343561008395 [CHECK] STATUS_TMP: /usr/local/keepalived/bin/status.tmp already exist, OK
2016-06-22 19:19:08 1466594348561693195 [CHECK] STATUS_TMP: /usr/local/keepalived/bin/status.tmp already exist, OK
2016-06-22 19:19:13 1466594353562352005 [CHECK] STATUS_TMP: /usr/local/keepalived/bin/status.tmp already exist, OK
2016-06-22 19:19:18 1466594358562519796 [CHECK] STATUS_TMP: /usr/local/keepalived/bin/status.tmp already exist, OK
2016-06-22 19:19:23 1466594363562925409 [CHECK] STATUS_TMP: /usr/local/keepalived/bin/status.tmp already exist, OK
2016-06-22 19:19:28 1466594368563939301 [CHECK] STATUS_TMP: /usr/local/keepalived/bin/status.tmp already exist, OK
2016-06-22 19:19:33 1466594373563976496 [CHECK] STATUS_TMP: /usr/local/keepalived/bin/status.tmp already exist, OK
2016-06-22 19:19:38 1466594378564178780 [CHECK] STATUS_TMP: /usr/local/keepalived/bin/status.tmp already exist, OK
2016-06-22 19:19:43 1466594383564878651 [CHECK] STATUS_TMP: /usr/local/keepalived/bin/status.tmp already exist, OK
2016-06-22 19:19:48 1466594388566627063 [CHECK] STATUS_TMP: /usr/local/keepalived/bin/status.tmp already exist, OK
2016-06-22 19:19:53 1466594393565894057 [CHECK] STATUS_TMP: /usr/local/keepalived/bin/status.tmp already exist, OK
2016-06-22 19:19:58 1466594398566597796 [CHECK] STATUS_TMP: /usr/local/keepalived/bin/status.tmp already exist, OK
2016-06-22 19:20:03 1466594403572178996 [CHECK] STATUS_TMP: /usr/local/keepalived/bin/status.tmp already exist, OK
2016-06-22 19:20:08 1466594408566902896 [CHECK] STATUS_TMP: /usr/local/keepalived/bin/status.tmp already exist, OK
2016-06-22 19:20:13 1466594413567653396 [CHECK] STATUS_TMP: /usr/local/keepalived/bin/status.tmp already exist, OK
2016-06-22 19:20:18 1466594418567956807 [CHECK] STATUS_TMP: /usr/local/keepalived/bin/status.tmp already exist, OK
2016-06-22 19:20:23 1466594423568312997 [CHECK] STATUS_TMP: /usr/local/keepalived/bin/status.tmp already exist, OK
2016-06-22 19:20:28 1466594428568496797 [CHECK] STATUS_TMP: /usr/local/keepalived/bin/status.tmp already exist, OK
2016-06-22 19:20:33 1466594433568795496 [CHECK] STATUS_TMP: /usr/local/keepalived/bin/status.tmp already exist, OK
2016-06-22 19:20:38 1466594438569507496 [CHECK] STATUS_TMP: /usr/local/keepalived/bin/status.tmp already exist, OK
2016-06-22 19:20:43 1466594443569491072 [CHECK] STATUS_TMP: /usr/local/keepalived/bin/status.tmp already exist, OK
2016-06-22 19:20:48 1466594448569798096 [CHECK] STATUS_TMP: /usr/local/keepalived/bin/status.tmp already exist, OK
2016-06-22 19:20:53 1466594453570132797 [CHECK] STATUS_TMP: /usr/local/keepalived/bin/status.tmp already exist, OK
2016-06-22 19:20:58 1466594458570443795 [CHECK] STATUS_TMP: /usr/local/keepalived/bin/status.tmp already exist, OK
2016-06-22 19:21:03 1466594463571112097 [CHECK] STATUS_TMP: /usr/local/keepalived/bin/status.tmp already exist, OK
2016-06-22 19:21:08 1466594468570863816 [CHECK] STATUS_TMP: /usr/local/keepalived/bin/status.tmp already exist, OK
2016-06-22 19:21:13 1466594473571181596 [CHECK] STATUS_TMP: /usr/local/keepalived/bin/status.tmp already exist, OK
2016-06-22 19:21:18 1466594478571297696 [CHECK] STATUS_TMP: /usr/local/keepalived/bin/status.tmp already exist, OK
2016-06-22 19:21:23 1466594483571689816 [CHECK] STATUS_TMP: /usr/local/keepalived/bin/status.tmp already exist, OK
2016-06-22 19:21:28 1466594488572107497 [CHECK] STATUS_TMP: /usr/local/keepalived/bin/status.tmp already exist, OK
2016-06-22 19:21:33 1466594493572126897 [CHECK] STATUS_TMP: /usr/local/keepalived/bin/status.tmp already exist, OK
2016-06-22 19:21:38 1466594498572105295 [CHECK] STATUS_TMP: /usr/local/keepalived/bin/status.tmp already exist, OK
2016-06-22 19:21:43 1466594503572145096 [CHECK] STATUS_TMP: /usr/local/keepalived/bin/status.tmp already exist, OK
2016-06-22 19:21:48 1466594508572400596 [CHECK] STATUS_TMP: /usr/local/keepalived/bin/status.tmp already exist, OK
2016-06-22 19:21:53 1466594513572620189 [CHECK] STATUS_TMP: /usr/local/keepalived/bin/status.tmp already exist, OK
2016-06-22 19:21:58 1466594518572491697 [CHECK] STATUS_TMP: /usr/local/keepalived/bin/status.tmp already exist, OK
2016-06-22 19:22:03 1466594523584200096 [CHECK] File removed: /usr/local/keepalived/bin/status.tmp
Could not connect to Redis at 127.0.0.1:6379: Connection refused
2016-06-22 19:27:28 1466594848609163794 [CHECK] KO
Could not connect to Redis at 127.0.0.1:6379: Connection refused
2016-06-22 19:27:33 1466594853609329096 [CHECK] KO
2016-06-22 19:27:33 1466594853938151496 [NOTIFY] state change to FAULT
2016-06-22 19:27:34 1466594854012496496 [NOTIFY] state change to STOP
2016-06-22 19:33:34 1466595214736182496 [NOTIFY] state change to MASTER
OK
2016-06-22 19:33:37 1466595217913315495 [CHECK] STATUS_TMP: /usr/local/keepalived/bin/status.tmp already exist, OK
2016-06-22 19:33:42 1466595222895142395 [CHECK] STATUS_TMP: /usr/local/keepalived/bin/status.tmp already exist, OK
2016-06-22 19:33:47 1466595227895328395 [CHECK] STATUS_TMP: /usr/local/keepalived/bin/status.tmp already exist, OK
2016-06-22 19:33:52 1466595232895640796 [CHECK] STATUS_TMP: /usr/local/keepalived/bin/status.tmp already exist, OK
2016-06-22 19:33:57 1466595237895726296 [CHECK] STATUS_TMP: /usr/local/keepalived/bin/status.tmp already exist, OK
2016-06-22 19:34:02 1466595242899096296 [CHECK] STATUS_TMP: /usr/local/keepalived/bin/status.tmp already exist, OK
2016-06-22 19:34:07 1466595247896068596 [CHECK] STATUS_TMP: /usr/local/keepalived/bin/status.tmp already exist, OK
2016-06-22 19:34:12 1466595252898245895 [CHECK] STATUS_TMP: /usr/local/keepalived/bin/status.tmp already exist, OK
2016-06-22 19:34:17 1466595257896391196 [CHECK] STATUS_TMP: /usr/local/keepalived/bin/status.tmp already exist, OK
2016-06-22 19:34:22 1466595262897138295 [CHECK] STATUS_TMP: /usr/local/keepalived/bin/status.tmp already exist, OK
2016-06-22 19:34:27 1466595267897259706 [CHECK] STATUS_TMP: /usr/local/keepalived/bin/status.tmp already exist, OK
2016-06-22 19:34:32 1466595272897282690 [CHECK] STATUS_TMP: /usr/local/keepalived/bin/status.tmp already exist, OK
2016-06-22 19:34:37 1466595277897574096 [CHECK] STATUS_TMP: /usr/local/keepalived/bin/status.tmp already exist, OK
2016-06-22 19:34:42 1466595282897851894 [CHECK] STATUS_TMP: /usr/local/keepalived/bin/status.tmp already exist, OK
2016-06-22 19:34:47 1466595287897878896 [CHECK] STATUS_TMP: /usr/local/keepalived/bin/status.tmp already exist, OK
2016-06-22 19:34:52 1466595292898047596 [CHECK] STATUS_TMP: /usr/local/keepalived/bin/status.tmp already exist, OK
2016-06-22 19:34:57 1466595297898381597 [CHECK] STATUS_TMP: /usr/local/keepalived/bin/status.tmp already exist, OK
2016-06-22 19:35:02 1466595302898584696 [CHECK] STATUS_TMP: /usr/local/keepalived/bin/status.tmp already exist, OK
2016-06-22 19:35:07 1466595307898937595 [CHECK] STATUS_TMP: /usr/local/keepalived/bin/status.tmp already exist, OK
2016-06-22 19:35:12 1466595312898829196 [CHECK] STATUS_TMP: /usr/local/keepalived/bin/status.tmp already exist, OK
2016-06-22 19:35:17 1466595317898997492 [CHECK] STATUS_TMP: /usr/local/keepalived/bin/status.tmp already exist, OK
2016-06-22 19:35:22 1466595322899501897 [CHECK] STATUS_TMP: /usr/local/keepalived/bin/status.tmp already exist, OK
2016-06-22 19:35:27 1466595327899483325 [CHECK] STATUS_TMP: /usr/local/keepalived/bin/status.tmp already exist, OK
2016-06-22 19:35:32 1466595332899539296 [CHECK] STATUS_TMP: /usr/local/keepalived/bin/status.tmp already exist, OK
2016-06-22 19:35:37 1466595337899612796 [CHECK] STATUS_TMP: /usr/local/keepalived/bin/status.tmp already exist, OK
2016-06-22 19:35:42 1466595342900223696 [CHECK] STATUS_TMP: /usr/local/keepalived/bin/status.tmp already exist, OK
2016-06-22 19:35:47 1466595347900012996 [CHECK] STATUS_TMP: /usr/local/keepalived/bin/status.tmp already exist, OK
2016-06-22 19:35:52 1466595352900122093 [CHECK] STATUS_TMP: /usr/local/keepalived/bin/status.tmp already exist, OK
2016-06-22 19:35:57 1466595357900672440 [CHECK] STATUS_TMP: /usr/local/keepalived/bin/status.tmp already exist, OK
2016-06-22 19:36:02 1466595362901154195 [CHECK] STATUS_TMP: /usr/local/keepalived/bin/status.tmp already exist, OK
2016-06-22 19:36:07 1466595367901232496 [CHECK] STATUS_TMP: /usr/local/keepalived/bin/status.tmp already exist, OK
2016-06-22 19:36:12 1466595372901065705 [CHECK] STATUS_TMP: /usr/local/keepalived/bin/status.tmp already exist, OK
2016-06-22 19:36:17 1466595377900903197 [CHECK] STATUS_TMP: /usr/local/keepalived/bin/status.tmp already exist, OK
2016-06-22 19:36:22 1466595382901032094 [CHECK] STATUS_TMP: /usr/local/keepalived/bin/status.tmp already exist, OK
2016-06-22 19:36:27 1466595387901532096 [CHECK] STATUS_TMP: /usr/local/keepalived/bin/status.tmp already exist, OK
2016-06-22 19:36:32 1466595392901846696 [CHECK] STATUS_TMP: /usr/local/keepalived/bin/status.tmp already exist, OK
2016-06-22 19:36:37 1466595397902175496 [CHECK] STATUS_TMP: /usr/local/keepalived/bin/status.tmp already exist, OK
2016-06-22 19:36:42 1466595402902126796 [CHECK] STATUS_TMP: /usr/local/keepalived/bin/status.tmp already exist, OK
2016-06-22 19:36:47 1466595407902064096 [CHECK] STATUS_TMP: /usr/local/keepalived/bin/status.tmp already exist, OK
2016-06-22 19:36:52 1466595412901950296 [CHECK] STATUS_TMP: /usr/local/keepalived/bin/status.tmp already exist, OK
2016-06-22 19:36:57 1466595417902100696 [CHECK] STATUS_TMP: /usr/local/keepalived/bin/status.tmp already exist, OK
2016-06-22 19:37:02 1466595422902404797 [CHECK] STATUS_TMP: /usr/local/keepalived/bin/status.tmp already exist, OK
2016-06-22 19:37:07 1466595427902567597 [CHECK] STATUS_TMP: /usr/local/keepalived/bin/status.tmp already exist, OK
2016-06-22 19:37:12 1466595432902912296 [CHECK] STATUS_TMP: /usr/local/keepalived/bin/status.tmp already exist, OK
2016-06-22 19:37:17 1466595437902615596 [CHECK] STATUS_TMP: /usr/local/keepalived/bin/status.tmp already exist, OK
2016-06-22 19:37:22 1466595442902770696 [CHECK] STATUS_TMP: /usr/local/keepalived/bin/status.tmp already exist, OK
2016-06-22 19:37:27 1466595447903152396 [CHECK] STATUS_TMP: /usr/local/keepalived/bin/status.tmp already exist, OK
2016-06-22 19:37:32 1466595452904060295 [CHECK] STATUS_TMP: /usr/local/keepalived/bin/status.tmp already exist, OK
2016-06-22 19:37:37 1466595457904038712 [CHECK] STATUS_TMP: /usr/local/keepalived/bin/status.tmp already exist, OK
2016-06-22 19:37:42 1466595462904522696 [CHECK] STATUS_TMP: /usr/local/keepalived/bin/status.tmp already exist, OK
2016-06-22 19:37:47 1466595467905339196 [CHECK] STATUS_TMP: /usr/local/keepalived/bin/status.tmp already exist, OK
2016-06-22 19:37:52 1466595472905993697 [CHECK] STATUS_TMP: /usr/local/keepalived/bin/status.tmp already exist, OK
2016-06-22 19:37:57 1466595477908118094 [CHECK] STATUS_TMP: /usr/local/keepalived/bin/status.tmp already exist, OK
2016-06-22 19:38:02 1466595482907090496 [CHECK] STATUS_TMP: /usr/local/keepalived/bin/status.tmp already exist, OK
2016-06-22 19:38:07 1466595487908081095 [CHECK] STATUS_TMP: /usr/local/keepalived/bin/status.tmp already exist, OK
2016-06-22 19:38:12 1466595492909042897 [CHECK] STATUS_TMP: /usr/local/keepalived/bin/status.tmp already exist, OK
2016-06-22 19:38:17 1466595497909148695 [CHECK] STATUS_TMP: /usr/local/keepalived/bin/status.tmp already exist, OK
2016-06-22 19:38:22 1466595502909597597 [CHECK] STATUS_TMP: /usr/local/keepalived/bin/status.tmp already exist, OK
2016-06-22 19:38:27 1466595507910240996 [CHECK] STATUS_TMP: /usr/local/keepalived/bin/status.tmp already exist, OK
2016-06-22 19:38:32 1466595512910836797 [CHECK] STATUS_TMP: /usr/local/keepalived/bin/status.tmp already exist, OK
2016-06-22 19:38:37 1466595517912726795 [CHECK] File removed: /usr/local/keepalived/bin/status.tmp
Could not connect to Redis at 127.0.0.1:6379: Connection refused
2016-06-22 19:38:42 1466595522904841807 [CHECK] KO
Could not connect to Redis at 127.0.0.1:6379: Connection refused
2016-06-22 19:38:47 1466595527904810795 [CHECK] KO
2016-06-22 19:38:47 1466595527967984196 [NOTIFY] state change to FAULT
2016-06-22 19:38:48 1466595528032806596 [NOTIFY] state change to STOP
2016-06-22 19:45:44 1466595944497823359 [NOTIFY] state change to MASTER
OK
2016-06-22 19:45:47 1466595947476294487 [CHECK] STATUS_TMP: /usr/local/keepalived/bin/status.tmp already exist, OK
2016-06-22 19:45:52 1466595952469680496 [CHECK] STATUS_TMP: /usr/local/keepalived/bin/status.tmp already exist, OK
2016-06-22 19:45:57 1466595957470096708 [CHECK] STATUS_TMP: /usr/local/keepalived/bin/status.tmp already exist, OK
2016-06-22 19:46:02 1466595962471101958 [CHECK] STATUS_TMP: /usr/local/keepalived/bin/status.tmp already exist, OK
2016-06-22 19:46:07 1466595967470249526 [CHECK] STATUS_TMP: /usr/local/keepalived/bin/status.tmp already exist, OK
2016-06-22 19:46:12 1466595972471255147 [CHECK] STATUS_TMP: /usr/local/keepalived/bin/status.tmp already exist, OK
2016-06-22 19:46:17 1466595977471196196 [CHECK] STATUS_TMP: /usr/local/keepalived/bin/status.tmp already exist, OK
2016-06-22 19:46:22 1466595982471121239 [CHECK] STATUS_TMP: /usr/local/keepalived/bin/status.tmp already exist, OK
2016-06-22 19:46:27 1466595987471179596 [CHECK] STATUS_TMP: /usr/local/keepalived/bin/status.tmp already exist, OK
2016-06-22 19:46:32 1466595992477515888 [CHECK] STATUS_TMP: /usr/local/keepalived/bin/status.tmp already exist, OK
2016-06-22 19:46:37 1466595997471307296 [CHECK] STATUS_TMP: /usr/local/keepalived/bin/status.tmp already exist, OK
2016-06-22 19:46:42 1466596002472077334 [CHECK] STATUS_TMP: /usr/local/keepalived/bin/status.tmp already exist, OK
2016-06-22 19:46:47 1466596007471850996 [CHECK] STATUS_TMP: /usr/local/keepalived/bin/status.tmp already exist, OK
2016-06-22 19:46:52 1466596012472020497 [CHECK] STATUS_TMP: /usr/local/keepalived/bin/status.tmp already exist, OK
2016-06-22 19:46:57 1466596017472663296 [CHECK] STATUS_TMP: /usr/local/keepalived/bin/status.tmp already exist, OK
2016-06-22 19:47:02 1466596022472127395 [CHECK] STATUS_TMP: /usr/local/keepalived/bin/status.tmp already exist, OK
2016-06-22 19:47:07 1466596027472111833 [CHECK] STATUS_TMP: /usr/local/keepalived/bin/status.tmp already exist, OK
2016-06-22 19:47:12 1466596032472487314 [CHECK] STATUS_TMP: /usr/local/keepalived/bin/status.tmp already exist, OK
2016-06-22 19:47:17 1466596037472879796 [CHECK] STATUS_TMP: /usr/local/keepalived/bin/status.tmp already exist, OK
2016-06-22 19:47:22 1466596042473066295 [CHECK] STATUS_TMP: /usr/local/keepalived/bin/status.tmp already exist, OK
2016-06-22 19:47:27 1466596047474015180 [CHECK] STATUS_TMP: /usr/local/keepalived/bin/status.tmp already exist, OK
2016-06-22 19:47:32 1466596052473605176 [CHECK] STATUS_TMP: /usr/local/keepalived/bin/status.tmp already exist, OK
2016-06-22 19:47:37 1466596057473981097 [CHECK] STATUS_TMP: /usr/local/keepalived/bin/status.tmp already exist, OK
2016-06-22 19:47:42 1466596062474136195 [CHECK] STATUS_TMP: /usr/local/keepalived/bin/status.tmp already exist, OK
2016-06-22 19:47:47 1466596067474596155 [CHECK] STATUS_TMP: /usr/local/keepalived/bin/status.tmp already exist, OK
2016-06-22 19:47:52 1466596072475035818 [CHECK] STATUS_TMP: /usr/local/keepalived/bin/status.tmp already exist, OK
2016-06-22 19:47:57 1466596077475154877 [CHECK] STATUS_TMP: /usr/local/keepalived/bin/status.tmp already exist, OK
2016-06-22 19:48:02 1466596082489202396 [CHECK] STATUS_TMP: /usr/local/keepalived/bin/status.tmp already exist, OK
2016-06-22 19:48:07 1466596087475446016 [CHECK] STATUS_TMP: /usr/local/keepalived/bin/status.tmp already exist, OK
2016-06-22 19:48:12 1466596092475834996 [CHECK] STATUS_TMP: /usr/local/keepalived/bin/status.tmp already exist, OK
2016-06-22 19:48:17 1466596097476095196 [CHECK] STATUS_TMP: /usr/local/keepalived/bin/status.tmp already exist, OK
2016-06-22 19:48:22 1466596102476247460 [CHECK] STATUS_TMP: /usr/local/keepalived/bin/status.tmp already exist, OK
2016-06-22 19:48:27 1466596107476470524 [CHECK] STATUS_TMP: /usr/local/keepalived/bin/status.tmp already exist, OK
2016-06-22 19:48:32 1466596112477130556 [CHECK] STATUS_TMP: /usr/local/keepalived/bin/status.tmp already exist, OK
2016-06-22 19:48:37 1466596117476998263 [CHECK] STATUS_TMP: /usr/local/keepalived/bin/status.tmp already exist, OK
2016-06-22 19:48:42 1466596122477276777 [CHECK] STATUS_TMP: /usr/local/keepalived/bin/status.tmp already exist, OK
2016-06-22 19:48:47 1466596127477785086 [CHECK] STATUS_TMP: /usr/local/keepalived/bin/status.tmp already exist, OK
2016-06-22 19:48:52 1466596132478048672 [CHECK] STATUS_TMP: /usr/local/keepalived/bin/status.tmp already exist, OK
2016-06-22 19:48:57 1466596137478032772 [CHECK] STATUS_TMP: /usr/local/keepalived/bin/status.tmp already exist, OK
2016-06-22 19:49:02 1466596142477989084 [CHECK] STATUS_TMP: /usr/local/keepalived/bin/status.tmp already exist, OK
2016-06-22 19:49:07 1466596147478393546 [CHECK] STATUS_TMP: /usr/local/keepalived/bin/status.tmp already exist, OK
2016-06-22 19:49:12 1466596152478564896 [CHECK] STATUS_TMP: /usr/local/keepalived/bin/status.tmp already exist, OK
2016-06-22 19:49:17 1466596157478971697 [CHECK] STATUS_TMP: /usr/local/keepalived/bin/status.tmp already exist, OK
2016-06-22 19:49:22 1466596162479507161 [CHECK] STATUS_TMP: /usr/local/keepalived/bin/status.tmp already exist, OK
2016-06-22 19:49:27 1466596167479500297 [CHECK] STATUS_TMP: /usr/local/keepalived/bin/status.tmp already exist, OK
2016-06-22 19:49:32 1466596172479594198 [CHECK] STATUS_TMP: /usr/local/keepalived/bin/status.tmp already exist, OK
2016-06-22 19:49:37 1466596177480048014 [CHECK] STATUS_TMP: /usr/local/keepalived/bin/status.tmp already exist, OK
2016-06-22 19:49:42 1466596182480242696 [CHECK] STATUS_TMP: /usr/local/keepalived/bin/status.tmp already exist, OK
2016-06-22 19:49:47 1466596187480192877 [CHECK] STATUS_TMP: /usr/local/keepalived/bin/status.tmp already exist, OK
2016-06-22 19:49:52 1466596192480299600 [CHECK] STATUS_TMP: /usr/local/keepalived/bin/status.tmp already exist, OK
2016-06-22 19:49:57 1466596197481146596 [CHECK] STATUS_TMP: /usr/local/keepalived/bin/status.tmp already exist, OK
2016-06-22 19:50:02 1466596202480287770 [CHECK] STATUS_TMP: /usr/local/keepalived/bin/status.tmp already exist, OK
2016-06-22 19:50:07 1466596207481112612 [CHECK] STATUS_TMP: /usr/local/keepalived/bin/status.tmp already exist, OK
2016-06-22 19:50:12 1466596212481067917 [CHECK] STATUS_TMP: /usr/local/keepalived/bin/status.tmp already exist, OK
2016-06-22 19:50:17 1466596217481568696 [CHECK] STATUS_TMP: /usr/local/keepalived/bin/status.tmp already exist, OK
2016-06-22 19:50:22 1466596222481851209 [CHECK] STATUS_TMP: /usr/local/keepalived/bin/status.tmp already exist, OK
2016-06-22 19:50:27 1466596227482047896 [CHECK] STATUS_TMP: /usr/local/keepalived/bin/status.tmp already exist, OK
2016-06-22 19:50:32 1466596232482094047 [CHECK] STATUS_TMP: /usr/local/keepalived/bin/status.tmp already exist, OK
2016-06-22 19:50:37 1466596237482190896 [CHECK] STATUS_TMP: /usr/local/keepalived/bin/status.tmp already exist, OK
2016-06-22 19:50:42 1466596242482478562 [CHECK] STATUS_TMP: /usr/local/keepalived/bin/status.tmp already exist, OK
2016-06-22 19:50:47 1466596247484211222 [CHECK] File removed: /usr/local/keepalived/bin/status.tmp
