2016-06-22 19:16:02 1466594162763238974 [NOTIFY] state change to STOP
2016-06-22 19:17:53 1466594273580311173 [NOTIFY] state change to BACKUP
OK
2016-06-22 19:17:58 1466594278566045073 [CHECK] STATUS_TMP: /usr/local/keepalived/bin/status.tmp already exist, OK
2016-06-22 19:18:03 1466594283554183273 [CHECK] STATUS_TMP: /usr/local/keepalived/bin/status.tmp already exist, OK
2016-06-22 19:18:08 1466594288546060974 [CHECK] STATUS_TMP: /usr/local/keepalived/bin/status.tmp already exist, OK
2016-06-22 19:18:13 1466594293545004773 [CHECK] STATUS_TMP: /usr/local/keepalived/bin/status.tmp already exist, OK
2016-06-22 19:18:18 1466594298544201773 [CHECK] STATUS_TMP: /usr/local/keepalived/bin/status.tmp already exist, OK
2016-06-22 19:18:23 1466594303544635574 [CHECK] STATUS_TMP: /usr/local/keepalived/bin/status.tmp already exist, OK
2016-06-22 19:18:28 1466594308545511164 [CHECK] STATUS_TMP: /usr/local/keepalived/bin/status.tmp already exist, OK
2016-06-22 19:18:33 1466594313545347573 [CHECK] STATUS_TMP: /usr/local/keepalived/bin/status.tmp already exist, OK
2016-06-22 19:18:38 1466594318546519373 [CHECK] STATUS_TMP: /usr/local/keepalived/bin/status.tmp already exist, OK
2016-06-22 19:18:43 1466594323546557369 [CHECK] STATUS_TMP: /usr/local/keepalived/bin/status.tmp already exist, OK
2016-06-22 19:18:48 1466594328547254273 [CHECK] STATUS_TMP: /usr/local/keepalived/bin/status.tmp already exist, OK
2016-06-22 19:18:53 1466594333546890074 [CHECK] STATUS_TMP: /usr/local/keepalived/bin/status.tmp already exist, OK
2016-06-22 19:18:58 1466594338548015073 [CHECK] STATUS_TMP: /usr/local/keepalived/bin/status.tmp already exist, OK
2016-06-22 19:19:03 1466594343548644274 [CHECK] STATUS_TMP: /usr/local/keepalived/bin/status.tmp already exist, OK
2016-06-22 19:19:08 1466594348549192841 [CHECK] STATUS_TMP: /usr/local/keepalived/bin/status.tmp already exist, OK
2016-06-22 19:19:13 1466594353549736359 [CHECK] STATUS_TMP: /usr/local/keepalived/bin/status.tmp already exist, OK
2016-06-22 19:19:18 1466594358549944173 [CHECK] STATUS_TMP: /usr/local/keepalived/bin/status.tmp already exist, OK
2016-06-22 19:19:23 1466594363549848673 [CHECK] STATUS_TMP: /usr/local/keepalived/bin/status.tmp already exist, OK
2016-06-22 19:19:28 1466594368550457180 [CHECK] STATUS_TMP: /usr/local/keepalived/bin/status.tmp already exist, OK
2016-06-22 19:19:33 1466594373551536263 [CHECK] STATUS_TMP: /usr/local/keepalived/bin/status.tmp already exist, OK
2016-06-22 19:19:38 1466594378551597674 [CHECK] STATUS_TMP: /usr/local/keepalived/bin/status.tmp already exist, OK
2016-06-22 19:19:43 1466594383551589273 [CHECK] STATUS_TMP: /usr/local/keepalived/bin/status.tmp already exist, OK
2016-06-22 19:19:48 1466594388552014374 [CHECK] STATUS_TMP: /usr/local/keepalived/bin/status.tmp already exist, OK
2016-06-22 19:19:53 1466594393552518074 [CHECK] STATUS_TMP: /usr/local/keepalived/bin/status.tmp already exist, OK
2016-06-22 19:19:58 1466594398552585574 [CHECK] STATUS_TMP: /usr/local/keepalived/bin/status.tmp already exist, OK
2016-06-22 19:20:03 1466594403553727474 [CHECK] STATUS_TMP: /usr/local/keepalived/bin/status.tmp already exist, OK
2016-06-22 19:20:08 1466594408553674174 [CHECK] STATUS_TMP: /usr/local/keepalived/bin/status.tmp already exist, OK
2016-06-22 19:20:13 1466594413553902456 [CHECK] STATUS_TMP: /usr/local/keepalived/bin/status.tmp already exist, OK
2016-06-22 19:20:18 1466594418553892633 [CHECK] STATUS_TMP: /usr/local/keepalived/bin/status.tmp already exist, OK
2016-06-22 19:20:23 1466594423553839373 [CHECK] STATUS_TMP: /usr/local/keepalived/bin/status.tmp already exist, OK
2016-06-22 19:20:28 1466594428554447354 [CHECK] STATUS_TMP: /usr/local/keepalived/bin/status.tmp already exist, OK
2016-06-22 19:20:33 1466594433554713257 [CHECK] STATUS_TMP: /usr/local/keepalived/bin/status.tmp already exist, OK
2016-06-22 19:20:38 1466594438555090473 [CHECK] STATUS_TMP: /usr/local/keepalived/bin/status.tmp already exist, OK
2016-06-22 19:20:43 1466594443555372867 [CHECK] STATUS_TMP: /usr/local/keepalived/bin/status.tmp already exist, OK
2016-06-22 19:20:48 1466594448555770573 [CHECK] STATUS_TMP: /usr/local/keepalived/bin/status.tmp already exist, OK
2016-06-22 19:20:53 1466594453555811073 [CHECK] STATUS_TMP: /usr/local/keepalived/bin/status.tmp already exist, OK
2016-06-22 19:20:58 1466594458555504274 [CHECK] STATUS_TMP: /usr/local/keepalived/bin/status.tmp already exist, OK
2016-06-22 19:21:03 1466594463556340437 [CHECK] STATUS_TMP: /usr/local/keepalived/bin/status.tmp already exist, OK
2016-06-22 19:21:08 1466594468556177773 [CHECK] STATUS_TMP: /usr/local/keepalived/bin/status.tmp already exist, OK
2016-06-22 19:21:13 1466594473556777674 [CHECK] STATUS_TMP: /usr/local/keepalived/bin/status.tmp already exist, OK
2016-06-22 19:21:18 1466594478556803574 [CHECK] STATUS_TMP: /usr/local/keepalived/bin/status.tmp already exist, OK
2016-06-22 19:21:23 1466594483556849474 [CHECK] STATUS_TMP: /usr/local/keepalived/bin/status.tmp already exist, OK
2016-06-22 19:21:28 1466594488556781173 [CHECK] STATUS_TMP: /usr/local/keepalived/bin/status.tmp already exist, OK
2016-06-22 19:21:33 1466594493556959273 [CHECK] STATUS_TMP: /usr/local/keepalived/bin/status.tmp already exist, OK
2016-06-22 19:21:38 1466594498557355446 [CHECK] STATUS_TMP: /usr/local/keepalived/bin/status.tmp already exist, OK
2016-06-22 19:21:43 1466594503557382180 [CHECK] STATUS_TMP: /usr/local/keepalived/bin/status.tmp already exist, OK
2016-06-22 19:21:48 1466594508559221273 [CHECK] STATUS_TMP: /usr/local/keepalived/bin/status.tmp already exist, OK
2016-06-22 19:21:53 1466594513557763173 [CHECK] STATUS_TMP: /usr/local/keepalived/bin/status.tmp already exist, OK
2016-06-22 19:21:58 1466594518558482974 [CHECK] STATUS_TMP: /usr/local/keepalived/bin/status.tmp already exist, OK
2016-06-22 19:22:03 1466594523558961473 [CHECK] STATUS_TMP: /usr/local/keepalived/bin/status.tmp already exist, OK
2016-06-22 19:22:08 1466594528560460673 [CHECK] STATUS_TMP: /usr/local/keepalived/bin/status.tmp already exist, OK
2016-06-22 19:22:13 1466594533560947199 [CHECK] STATUS_TMP: /usr/local/keepalived/bin/status.tmp already exist, OK
2016-06-22 19:22:18 1466594538561610773 [CHECK] STATUS_TMP: /usr/local/keepalived/bin/status.tmp already exist, OK
2016-06-22 19:22:23 1466594543561798799 [CHECK] STATUS_TMP: /usr/local/keepalived/bin/status.tmp already exist, OK
2016-06-22 19:22:28 1466594548562337173 [CHECK] STATUS_TMP: /usr/local/keepalived/bin/status.tmp already exist, OK
2016-06-22 19:22:33 1466594553563250849 [CHECK] STATUS_TMP: /usr/local/keepalived/bin/status.tmp already exist, OK
2016-06-22 19:22:38 1466594558564145851 [CHECK] STATUS_TMP: /usr/local/keepalived/bin/status.tmp already exist, OK
2016-06-22 19:22:43 1466594563565196773 [CHECK] STATUS_TMP: /usr/local/keepalived/bin/status.tmp already exist, OK
2016-06-22 19:22:48 1466594568565808976 [CHECK] STATUS_TMP: /usr/local/keepalived/bin/status.tmp already exist, OK
2016-06-22 19:22:53 1466594573567556575 [CHECK] File removed: /usr/local/keepalived/bin/status.tmp
2016-06-22 19:27:35 1466594855592426773 [NOTIFY] state change to MASTER
OK
2016-06-22 19:27:38 1466594858613946373 [CHECK] STATUS_TMP: /usr/local/keepalived/bin/status.tmp already exist, OK
2016-06-22 19:27:43 1466594863596648473 [CHECK] STATUS_TMP: /usr/local/keepalived/bin/status.tmp already exist, OK
2016-06-22 19:27:48 1466594868596828973 [CHECK] STATUS_TMP: /usr/local/keepalived/bin/status.tmp already exist, OK
2016-06-22 19:27:53 1466594873596684774 [CHECK] STATUS_TMP: /usr/local/keepalived/bin/status.tmp already exist, OK
2016-06-22 19:27:58 1466594878597002171 [CHECK] STATUS_TMP: /usr/local/keepalived/bin/status.tmp already exist, OK
2016-06-22 19:28:03 1466594883599874873 [CHECK] STATUS_TMP: /usr/local/keepalived/bin/status.tmp already exist, OK
2016-06-22 19:28:08 1466594888597467574 [CHECK] STATUS_TMP: /usr/local/keepalived/bin/status.tmp already exist, OK
2016-06-22 19:28:13 1466594893597608073 [CHECK] STATUS_TMP: /usr/local/keepalived/bin/status.tmp already exist, OK
2016-06-22 19:28:18 1466594898597356081 [CHECK] STATUS_TMP: /usr/local/keepalived/bin/status.tmp already exist, OK
2016-06-22 19:28:23 1466594903597616673 [CHECK] STATUS_TMP: /usr/local/keepalived/bin/status.tmp already exist, OK
2016-06-22 19:28:28 1466594908597587173 [CHECK] STATUS_TMP: /usr/local/keepalived/bin/status.tmp already exist, OK
2016-06-22 19:28:33 1466594913597832255 [CHECK] STATUS_TMP: /usr/local/keepalived/bin/status.tmp already exist, OK
2016-06-22 19:28:38 1466594918597869274 [CHECK] STATUS_TMP: /usr/local/keepalived/bin/status.tmp already exist, OK
2016-06-22 19:28:43 1466594923599080074 [CHECK] STATUS_TMP: /usr/local/keepalived/bin/status.tmp already exist, OK
2016-06-22 19:28:48 1466594928598371674 [CHECK] STATUS_TMP: /usr/local/keepalived/bin/status.tmp already exist, OK
2016-06-22 19:28:53 1466594933598424174 [CHECK] STATUS_TMP: /usr/local/keepalived/bin/status.tmp already exist, OK
2016-06-22 19:28:58 1466594938598524273 [CHECK] STATUS_TMP: /usr/local/keepalived/bin/status.tmp already exist, OK
2016-06-22 19:29:03 1466594943598589273 [CHECK] STATUS_TMP: /usr/local/keepalived/bin/status.tmp already exist, OK
2016-06-22 19:29:08 1466594948598711273 [CHECK] STATUS_TMP: /usr/local/keepalived/bin/status.tmp already exist, OK
2016-06-22 19:29:13 1466594953598803273 [CHECK] STATUS_TMP: /usr/local/keepalived/bin/status.tmp already exist, OK
2016-06-22 19:29:18 1466594958598949174 [CHECK] STATUS_TMP: /usr/local/keepalived/bin/status.tmp already exist, OK
2016-06-22 19:29:23 1466594963599214674 [CHECK] STATUS_TMP: /usr/local/keepalived/bin/status.tmp already exist, OK
2016-06-22 19:29:28 1466594968599326374 [CHECK] STATUS_TMP: /usr/local/keepalived/bin/status.tmp already exist, OK
2016-06-22 19:29:33 1466594973600203773 [CHECK] STATUS_TMP: /usr/local/keepalived/bin/status.tmp already exist, OK
2016-06-22 19:29:38 1466594978599516874 [CHECK] STATUS_TMP: /usr/local/keepalived/bin/status.tmp already exist, OK
2016-06-22 19:29:43 1466594983599682773 [CHECK] STATUS_TMP: /usr/local/keepalived/bin/status.tmp already exist, OK
2016-06-22 19:29:48 1466594988599167974 [CHECK] STATUS_TMP: /usr/local/keepalived/bin/status.tmp already exist, OK
2016-06-22 19:29:53 1466594993599849674 [CHECK] STATUS_TMP: /usr/local/keepalived/bin/status.tmp already exist, OK
2016-06-22 19:29:58 1466594998600491973 [CHECK] STATUS_TMP: /usr/local/keepalived/bin/status.tmp already exist, OK
2016-06-22 19:30:03 1466595003600961174 [CHECK] STATUS_TMP: /usr/local/keepalived/bin/status.tmp already exist, OK
2016-06-22 19:30:08 1466595008602463473 [CHECK] STATUS_TMP: /usr/local/keepalived/bin/status.tmp already exist, OK
2016-06-22 19:30:13 1466595013602717871 [CHECK] STATUS_TMP: /usr/local/keepalived/bin/status.tmp already exist, OK
2016-06-22 19:30:18 1466595018603549874 [CHECK] STATUS_TMP: /usr/local/keepalived/bin/status.tmp already exist, OK
2016-06-22 19:30:23 1466595023603839047 [CHECK] STATUS_TMP: /usr/local/keepalived/bin/status.tmp already exist, OK
2016-06-22 19:30:28 1466595028605161773 [CHECK] STATUS_TMP: /usr/local/keepalived/bin/status.tmp already exist, OK
2016-06-22 19:30:33 1466595033605274074 [CHECK] STATUS_TMP: /usr/local/keepalived/bin/status.tmp already exist, OK
2016-06-22 19:30:38 1466595038606171473 [CHECK] STATUS_TMP: /usr/local/keepalived/bin/status.tmp already exist, OK
2016-06-22 19:30:43 1466595043606817674 [CHECK] STATUS_TMP: /usr/local/keepalived/bin/status.tmp already exist, OK
2016-06-22 19:30:48 1466595048607480874 [CHECK] STATUS_TMP: /usr/local/keepalived/bin/status.tmp already exist, OK
2016-06-22 19:30:53 1466595053608499173 [CHECK] STATUS_TMP: /usr/local/keepalived/bin/status.tmp already exist, OK
2016-06-22 19:30:58 1466595058608958173 [CHECK] STATUS_TMP: /usr/local/keepalived/bin/status.tmp already exist, OK
2016-06-22 19:31:03 1466595063610320673 [CHECK] STATUS_TMP: /usr/local/keepalived/bin/status.tmp already exist, OK
2016-06-22 19:31:08 1466595068610604673 [CHECK] STATUS_TMP: /usr/local/keepalived/bin/status.tmp already exist, OK
2016-06-22 19:31:13 1466595073611414729 [CHECK] STATUS_TMP: /usr/local/keepalived/bin/status.tmp already exist, OK
2016-06-22 19:31:18 1466595078611833073 [CHECK] STATUS_TMP: /usr/local/keepalived/bin/status.tmp already exist, OK
2016-06-22 19:31:23 1466595083612345873 [CHECK] STATUS_TMP: /usr/local/keepalived/bin/status.tmp already exist, OK
2016-06-22 19:31:28 1466595088613643274 [CHECK] STATUS_TMP: /usr/local/keepalived/bin/status.tmp already exist, OK
2016-06-22 19:31:33 1466595093613965452 [CHECK] STATUS_TMP: /usr/local/keepalived/bin/status.tmp already exist, OK
2016-06-22 19:31:38 1466595098615305774 [CHECK] STATUS_TMP: /usr/local/keepalived/bin/status.tmp already exist, OK
2016-06-22 19:31:43 1466595103615375245 [CHECK] STATUS_TMP: /usr/local/keepalived/bin/status.tmp already exist, OK
2016-06-22 19:31:48 1466595108616134273 [CHECK] STATUS_TMP: /usr/local/keepalived/bin/status.tmp already exist, OK
2016-06-22 19:31:53 1466595113616706173 [CHECK] STATUS_TMP: /usr/local/keepalived/bin/status.tmp already exist, OK
2016-06-22 19:31:58 1466595118617332874 [CHECK] STATUS_TMP: /usr/local/keepalived/bin/status.tmp already exist, OK
2016-06-22 19:32:03 1466595123617903273 [CHECK] STATUS_TMP: /usr/local/keepalived/bin/status.tmp already exist, OK
2016-06-22 19:32:08 1466595128618891909 [CHECK] STATUS_TMP: /usr/local/keepalived/bin/status.tmp already exist, OK
2016-06-22 19:32:13 1466595133619356474 [CHECK] STATUS_TMP: /usr/local/keepalived/bin/status.tmp already exist, OK
2016-06-22 19:32:18 1466595138619954273 [CHECK] STATUS_TMP: /usr/local/keepalived/bin/status.tmp already exist, OK
2016-06-22 19:32:23 1466595143620752174 [CHECK] STATUS_TMP: /usr/local/keepalived/bin/status.tmp already exist, OK
2016-06-22 19:32:28 1466595148621876973 [CHECK] STATUS_TMP: /usr/local/keepalived/bin/status.tmp already exist, OK
2016-06-22 19:32:33 1466595153622075855 [CHECK] STATUS_TMP: /usr/local/keepalived/bin/status.tmp already exist, OK
2016-06-22 19:32:38 1466595158624271274 [CHECK] File removed: /usr/local/keepalived/bin/status.tmp
2016-06-22 19:33:33 1466595213776618973 [NOTIFY] state change to BACKUP
OK
2016-06-22 19:33:38 1466595218649227273 [CHECK] STATUS_TMP: /usr/local/keepalived/bin/status.tmp already exist, OK
2016-06-22 19:33:43 1466595223631572073 [CHECK] STATUS_TMP: /usr/local/keepalived/bin/status.tmp already exist, OK
2016-06-22 19:33:48 1466595228631994174 [CHECK] STATUS_TMP: /usr/local/keepalived/bin/status.tmp already exist, OK
2016-06-22 19:33:53 1466595233632578181 [CHECK] STATUS_TMP: /usr/local/keepalived/bin/status.tmp already exist, OK
2016-06-22 19:33:58 1466595238633951455 [CHECK] STATUS_TMP: /usr/local/keepalived/bin/status.tmp already exist, OK
2016-06-22 19:34:03 1466595243635860141 [CHECK] STATUS_TMP: /usr/local/keepalived/bin/status.tmp already exist, OK
2016-06-22 19:34:08 1466595248634820992 [CHECK] STATUS_TMP: /usr/local/keepalived/bin/status.tmp already exist, OK
2016-06-22 19:34:13 1466595253635170136 [CHECK] STATUS_TMP: /usr/local/keepalived/bin/status.tmp already exist, OK
2016-06-22 19:34:18 1466595258635909571 [CHECK] STATUS_TMP: /usr/local/keepalived/bin/status.tmp already exist, OK
2016-06-22 19:34:23 1466595263636719874 [CHECK] STATUS_TMP: /usr/local/keepalived/bin/status.tmp already exist, OK
2016-06-22 19:34:28 1466595268637405774 [CHECK] STATUS_TMP: /usr/local/keepalived/bin/status.tmp already exist, OK
2016-06-22 19:34:33 1466595273637799673 [CHECK] STATUS_TMP: /usr/local/keepalived/bin/status.tmp already exist, OK
2016-06-22 19:34:38 1466595278638561074 [CHECK] STATUS_TMP: /usr/local/keepalived/bin/status.tmp already exist, OK
2016-06-22 19:34:43 1466595283638974073 [CHECK] STATUS_TMP: /usr/local/keepalived/bin/status.tmp already exist, OK
2016-06-22 19:34:48 1466595288640309873 [CHECK] STATUS_TMP: /usr/local/keepalived/bin/status.tmp already exist, OK
2016-06-22 19:34:53 1466595293640690226 [CHECK] STATUS_TMP: /usr/local/keepalived/bin/status.tmp already exist, OK
2016-06-22 19:34:58 1466595298641163839 [CHECK] STATUS_TMP: /usr/local/keepalived/bin/status.tmp already exist, OK
2016-06-22 19:35:03 1466595303641507574 [CHECK] STATUS_TMP: /usr/local/keepalived/bin/status.tmp already exist, OK
2016-06-22 19:35:08 1466595308642571473 [CHECK] STATUS_TMP: /usr/local/keepalived/bin/status.tmp already exist, OK
2016-06-22 19:35:13 1466595313642806860 [CHECK] STATUS_TMP: /usr/local/keepalived/bin/status.tmp already exist, OK
2016-06-22 19:35:18 1466595318643837620 [CHECK] STATUS_TMP: /usr/local/keepalived/bin/status.tmp already exist, OK
2016-06-22 19:35:23 1466595323643916674 [CHECK] STATUS_TMP: /usr/local/keepalived/bin/status.tmp already exist, OK
2016-06-22 19:35:28 1466595328644896974 [CHECK] STATUS_TMP: /usr/local/keepalived/bin/status.tmp already exist, OK
2016-06-22 19:35:33 1466595333645619873 [CHECK] STATUS_TMP: /usr/local/keepalived/bin/status.tmp already exist, OK
2016-06-22 19:35:38 1466595338646277373 [CHECK] STATUS_TMP: /usr/local/keepalived/bin/status.tmp already exist, OK
2016-06-22 19:35:43 1466595343646829389 [CHECK] STATUS_TMP: /usr/local/keepalived/bin/status.tmp already exist, OK
2016-06-22 19:35:48 1466595348647615073 [CHECK] STATUS_TMP: /usr/local/keepalived/bin/status.tmp already exist, OK
2016-06-22 19:35:53 1466595353648383296 [CHECK] STATUS_TMP: /usr/local/keepalived/bin/status.tmp already exist, OK
2016-06-22 19:35:58 1466595358648617174 [CHECK] STATUS_TMP: /usr/local/keepalived/bin/status.tmp already exist, OK
2016-06-22 19:36:03 1466595363648942073 [CHECK] STATUS_TMP: /usr/local/keepalived/bin/status.tmp already exist, OK
2016-06-22 19:36:08 1466595368649843530 [CHECK] STATUS_TMP: /usr/local/keepalived/bin/status.tmp already exist, OK
2016-06-22 19:36:13 1466595373650480651 [CHECK] STATUS_TMP: /usr/local/keepalived/bin/status.tmp already exist, OK
2016-06-22 19:36:18 1466595378650844662 [CHECK] STATUS_TMP: /usr/local/keepalived/bin/status.tmp already exist, OK
2016-06-22 19:36:23 1466595383651560577 [CHECK] STATUS_TMP: /usr/local/keepalived/bin/status.tmp already exist, OK
2016-06-22 19:36:28 1466595388652107378 [CHECK] STATUS_TMP: /usr/local/keepalived/bin/status.tmp already exist, OK
2016-06-22 19:36:33 1466595393652621973 [CHECK] STATUS_TMP: /usr/local/keepalived/bin/status.tmp already exist, OK
2016-06-22 19:36:38 1466595398652924060 [CHECK] STATUS_TMP: /usr/local/keepalived/bin/status.tmp already exist, OK
2016-06-22 19:36:43 1466595403653462973 [CHECK] STATUS_TMP: /usr/local/keepalived/bin/status.tmp already exist, OK
2016-06-22 19:36:48 1466595408653802074 [CHECK] STATUS_TMP: /usr/local/keepalived/bin/status.tmp already exist, OK
2016-06-22 19:36:53 1466595413654487127 [CHECK] STATUS_TMP: /usr/local/keepalived/bin/status.tmp already exist, OK
2016-06-22 19:36:58 1466595418654830273 [CHECK] STATUS_TMP: /usr/local/keepalived/bin/status.tmp already exist, OK
2016-06-22 19:37:03 1466595423655489496 [CHECK] STATUS_TMP: /usr/local/keepalived/bin/status.tmp already exist, OK
2016-06-22 19:37:08 1466595428655741420 [CHECK] STATUS_TMP: /usr/local/keepalived/bin/status.tmp already exist, OK
2016-06-22 19:37:13 1466595433656484274 [CHECK] STATUS_TMP: /usr/local/keepalived/bin/status.tmp already exist, OK
2016-06-22 19:37:18 1466595438656571984 [CHECK] STATUS_TMP: /usr/local/keepalived/bin/status.tmp already exist, OK
2016-06-22 19:37:23 1466595443657106173 [CHECK] STATUS_TMP: /usr/local/keepalived/bin/status.tmp already exist, OK
2016-06-22 19:37:28 1466595448658456674 [CHECK] STATUS_TMP: /usr/local/keepalived/bin/status.tmp already exist, OK
2016-06-22 19:37:33 1466595453659783502 [CHECK] STATUS_TMP: /usr/local/keepalived/bin/status.tmp already exist, OK
2016-06-22 19:37:38 1466595458658365674 [CHECK] STATUS_TMP: /usr/local/keepalived/bin/status.tmp already exist, OK
2016-06-22 19:37:43 1466595463658921673 [CHECK] STATUS_TMP: /usr/local/keepalived/bin/status.tmp already exist, OK
2016-06-22 19:37:48 1466595468658884373 [CHECK] STATUS_TMP: /usr/local/keepalived/bin/status.tmp already exist, OK
2016-06-22 19:37:53 1466595473659699435 [CHECK] STATUS_TMP: /usr/local/keepalived/bin/status.tmp already exist, OK
2016-06-22 19:37:58 1466595478659867358 [CHECK] STATUS_TMP: /usr/local/keepalived/bin/status.tmp already exist, OK
2016-06-22 19:38:03 1466595483660785574 [CHECK] STATUS_TMP: /usr/local/keepalived/bin/status.tmp already exist, OK
2016-06-22 19:38:08 1466595488660418571 [CHECK] STATUS_TMP: /usr/local/keepalived/bin/status.tmp already exist, OK
2016-06-22 19:38:13 1466595493660855173 [CHECK] STATUS_TMP: /usr/local/keepalived/bin/status.tmp already exist, OK
2016-06-22 19:38:18 1466595498661003573 [CHECK] STATUS_TMP: /usr/local/keepalived/bin/status.tmp already exist, OK
2016-06-22 19:38:23 1466595503661424707 [CHECK] STATUS_TMP: /usr/local/keepalived/bin/status.tmp already exist, OK
2016-06-22 19:38:28 1466595508661594824 [CHECK] STATUS_TMP: /usr/local/keepalived/bin/status.tmp already exist, OK
2016-06-22 19:38:33 1466595513663266486 [CHECK] File removed: /usr/local/keepalived/bin/status.tmp
2016-06-22 19:38:49 1466595529622579874 [NOTIFY] state change to MASTER
OK
2016-06-22 19:38:53 1466595533667797695 [CHECK] STATUS_TMP: /usr/local/keepalived/bin/status.tmp already exist, OK
2016-06-22 19:38:58 1466595538662912776 [CHECK] STATUS_TMP: /usr/local/keepalived/bin/status.tmp already exist, OK
2016-06-22 19:39:03 1466595543663100573 [CHECK] STATUS_TMP: /usr/local/keepalived/bin/status.tmp already exist, OK
2016-06-22 19:39:08 1466595548662820074 [CHECK] STATUS_TMP: /usr/local/keepalived/bin/status.tmp already exist, OK
2016-06-22 19:39:13 1466595553663100673 [CHECK] STATUS_TMP: /usr/local/keepalived/bin/status.tmp already exist, OK
2016-06-22 19:39:18 1466595558663102274 [CHECK] STATUS_TMP: /usr/local/keepalived/bin/status.tmp already exist, OK
2016-06-22 19:39:23 1466595563664033173 [CHECK] STATUS_TMP: /usr/local/keepalived/bin/status.tmp already exist, OK
2016-06-22 19:39:28 1466595568664731973 [CHECK] STATUS_TMP: /usr/local/keepalived/bin/status.tmp already exist, OK
2016-06-22 19:39:33 1466595573663594973 [CHECK] STATUS_TMP: /usr/local/keepalived/bin/status.tmp already exist, OK
2016-06-22 19:39:38 1466595578663815092 [CHECK] STATUS_TMP: /usr/local/keepalived/bin/status.tmp already exist, OK
2016-06-22 19:39:43 1466595583664149298 [CHECK] STATUS_TMP: /usr/local/keepalived/bin/status.tmp already exist, OK
2016-06-22 19:39:48 1466595588663994774 [CHECK] STATUS_TMP: /usr/local/keepalived/bin/status.tmp already exist, OK
2016-06-22 19:39:53 1466595593664331974 [CHECK] STATUS_TMP: /usr/local/keepalived/bin/status.tmp already exist, OK
2016-06-22 19:39:58 1466595598664447583 [CHECK] STATUS_TMP: /usr/local/keepalived/bin/status.tmp already exist, OK
2016-06-22 19:40:03 1466595603667225370 [CHECK] STATUS_TMP: /usr/local/keepalived/bin/status.tmp already exist, OK
2016-06-22 19:40:08 1466595608664757477 [CHECK] STATUS_TMP: /usr/local/keepalived/bin/status.tmp already exist, OK
2016-06-22 19:40:13 1466595613665248873 [CHECK] STATUS_TMP: /usr/local/keepalived/bin/status.tmp already exist, OK
2016-06-22 19:40:18 1466595618664887173 [CHECK] STATUS_TMP: /usr/local/keepalived/bin/status.tmp already exist, OK
2016-06-22 19:40:23 1466595623665023173 [CHECK] STATUS_TMP: /usr/local/keepalived/bin/status.tmp already exist, OK
2016-06-22 19:40:28 1466595628665564073 [CHECK] STATUS_TMP: /usr/local/keepalived/bin/status.tmp already exist, OK
2016-06-22 19:40:33 1466595633666203574 [CHECK] STATUS_TMP: /usr/local/keepalived/bin/status.tmp already exist, OK
2016-06-22 19:40:38 1466595638666166674 [CHECK] STATUS_TMP: /usr/local/keepalived/bin/status.tmp already exist, OK
2016-06-22 19:40:43 1466595643665817973 [CHECK] STATUS_TMP: /usr/local/keepalived/bin/status.tmp already exist, OK
2016-06-22 19:40:48 1466595648665595574 [CHECK] STATUS_TMP: /usr/local/keepalived/bin/status.tmp already exist, OK
2016-06-22 19:40:53 1466595653666134874 [CHECK] STATUS_TMP: /usr/local/keepalived/bin/status.tmp already exist, OK
2016-06-22 19:40:58 1466595658666235673 [CHECK] STATUS_TMP: /usr/local/keepalived/bin/status.tmp already exist, OK
2016-06-22 19:41:03 1466595663677855773 [CHECK] STATUS_TMP: /usr/local/keepalived/bin/status.tmp already exist, OK
2016-06-22 19:41:06 1466595666701590074 [NOTIFY] state change to STOP
2016-06-22 19:47:26 1466596046539264574 [NOTIFY] state change to BACKUP
OK
2016-06-22 19:47:31 1466596051523810374 [CHECK] STATUS_TMP: /usr/local/keepalived/bin/status.tmp already exist, OK
2016-06-22 19:47:36 1466596056508979874 [CHECK] STATUS_TMP: /usr/local/keepalived/bin/status.tmp already exist, OK
2016-06-22 19:47:41 1466596061509241747 [CHECK] STATUS_TMP: /usr/local/keepalived/bin/status.tmp already exist, OK
2016-06-22 19:47:46 1466596066509741539 [CHECK] STATUS_TMP: /usr/local/keepalived/bin/status.tmp already exist, OK
2016-06-22 19:47:51 1466596071509770073 [CHECK] STATUS_TMP: /usr/local/keepalived/bin/status.tmp already exist, OK
2016-06-22 19:47:56 1466596076509947173 [CHECK] STATUS_TMP: /usr/local/keepalived/bin/status.tmp already exist, OK
2016-06-22 19:48:01 1466596081510014934 [CHECK] STATUS_TMP: /usr/local/keepalived/bin/status.tmp already exist, OK
2016-06-22 19:48:06 1466596086515513343 [CHECK] STATUS_TMP: /usr/local/keepalived/bin/status.tmp already exist, OK
2016-06-22 19:48:11 1466596091510530390 [CHECK] STATUS_TMP: /usr/local/keepalived/bin/status.tmp already exist, OK
2016-06-22 19:48:16 1466596096510865463 [CHECK] STATUS_TMP: /usr/local/keepalived/bin/status.tmp already exist, OK
2016-06-22 19:48:21 1466596101510892658 [CHECK] STATUS_TMP: /usr/local/keepalived/bin/status.tmp already exist, OK
2016-06-22 19:48:26 1466596106511526674 [CHECK] STATUS_TMP: /usr/local/keepalived/bin/status.tmp already exist, OK
2016-06-22 19:48:31 1466596111511383475 [CHECK] STATUS_TMP: /usr/local/keepalived/bin/status.tmp already exist, OK
2016-06-22 19:48:36 1466596116511669474 [CHECK] STATUS_TMP: /usr/local/keepalived/bin/status.tmp already exist, OK
2016-06-22 19:48:41 1466596121512388845 [CHECK] STATUS_TMP: /usr/local/keepalived/bin/status.tmp already exist, OK
2016-06-22 19:48:46 1466596126511939133 [CHECK] STATUS_TMP: /usr/local/keepalived/bin/status.tmp already exist, OK
2016-06-22 19:48:51 1466596131512318670 [CHECK] STATUS_TMP: /usr/local/keepalived/bin/status.tmp already exist, OK
2016-06-22 19:48:56 1466596136512398345 [CHECK] STATUS_TMP: /usr/local/keepalived/bin/status.tmp already exist, OK
2016-06-22 19:49:01 1466596141512882921 [CHECK] STATUS_TMP: /usr/local/keepalived/bin/status.tmp already exist, OK
2016-06-22 19:49:06 1466596146512778352 [CHECK] STATUS_TMP: /usr/local/keepalived/bin/status.tmp already exist, OK
2016-06-22 19:49:11 1466596151513244374 [CHECK] STATUS_TMP: /usr/local/keepalived/bin/status.tmp already exist, OK
2016-06-22 19:49:16 1466596156513428440 [CHECK] STATUS_TMP: /usr/local/keepalived/bin/status.tmp already exist, OK
2016-06-22 19:49:21 1466596161513544773 [CHECK] STATUS_TMP: /usr/local/keepalived/bin/status.tmp already exist, OK
2016-06-22 19:49:26 1466596166513661437 [CHECK] STATUS_TMP: /usr/local/keepalived/bin/status.tmp already exist, OK
2016-06-22 19:49:31 1466596171513620113 [CHECK] STATUS_TMP: /usr/local/keepalived/bin/status.tmp already exist, OK
2016-06-22 19:49:36 1466596176513914482 [CHECK] STATUS_TMP: /usr/local/keepalived/bin/status.tmp already exist, OK
2016-06-22 19:49:41 1466596181514363982 [CHECK] STATUS_TMP: /usr/local/keepalived/bin/status.tmp already exist, OK
2016-06-22 19:49:46 1466596186514472739 [CHECK] STATUS_TMP: /usr/local/keepalived/bin/status.tmp already exist, OK
2016-06-22 19:49:51 1466596191514712574 [CHECK] STATUS_TMP: /usr/local/keepalived/bin/status.tmp already exist, OK
2016-06-22 19:49:56 1466596196514534173 [CHECK] STATUS_TMP: /usr/local/keepalived/bin/status.tmp already exist, OK
2016-06-22 19:50:01 1466596201515091673 [CHECK] STATUS_TMP: /usr/local/keepalived/bin/status.tmp already exist, OK
2016-06-22 19:50:06 1466596206518709773 [CHECK] STATUS_TMP: /usr/local/keepalived/bin/status.tmp already exist, OK
2016-06-22 19:50:11 1466596211515427158 [CHECK] STATUS_TMP: /usr/local/keepalived/bin/status.tmp already exist, OK
2016-06-22 19:50:16 1466596216515707977 [CHECK] STATUS_TMP: /usr/local/keepalived/bin/status.tmp already exist, OK
2016-06-22 19:50:21 1466596221515864888 [CHECK] STATUS_TMP: /usr/local/keepalived/bin/status.tmp already exist, OK
2016-06-22 19:50:26 1466596226515939772 [CHECK] STATUS_TMP: /usr/local/keepalived/bin/status.tmp already exist, OK
2016-06-22 19:50:31 1466596231515981382 [CHECK] STATUS_TMP: /usr/local/keepalived/bin/status.tmp already exist, OK
2016-06-22 19:50:36 1466596236516282272 [CHECK] STATUS_TMP: /usr/local/keepalived/bin/status.tmp already exist, OK
2016-06-22 19:50:41 1466596241516222274 [CHECK] STATUS_TMP: /usr/local/keepalived/bin/status.tmp already exist, OK
2016-06-22 19:50:46 1466596246516669010 [CHECK] STATUS_TMP: /usr/local/keepalived/bin/status.tmp already exist, OK
2016-06-22 19:50:51 1466596251516731273 [CHECK] STATUS_TMP: /usr/local/keepalived/bin/status.tmp already exist, OK
2016-06-22 19:50:56 1466596256517153373 [CHECK] STATUS_TMP: /usr/local/keepalived/bin/status.tmp already exist, OK
2016-06-22 19:51:01 1466596261516896644 [CHECK] STATUS_TMP: /usr/local/keepalived/bin/status.tmp already exist, OK
2016-06-22 19:51:06 1466596266519654782 [CHECK] STATUS_TMP: /usr/local/keepalived/bin/status.tmp already exist, OK
2016-06-22 19:51:11 1466596271517435329 [CHECK] STATUS_TMP: /usr/local/keepalived/bin/status.tmp already exist, OK
2016-06-22 19:51:16 1466596276517621712 [CHECK] STATUS_TMP: /usr/local/keepalived/bin/status.tmp already exist, OK
2016-06-22 19:51:21 1466596281517724174 [CHECK] STATUS_TMP: /usr/local/keepalived/bin/status.tmp already exist, OK
2016-06-22 19:51:26 1466596286517854473 [CHECK] STATUS_TMP: /usr/local/keepalived/bin/status.tmp already exist, OK
2016-06-22 19:51:31 1466596291517972073 [CHECK] STATUS_TMP: /usr/local/keepalived/bin/status.tmp already exist, OK
2016-06-22 19:51:36 1466596296518248273 [CHECK] STATUS_TMP: /usr/local/keepalived/bin/status.tmp already exist, OK
2016-06-22 19:51:41 1466596301518325475 [CHECK] STATUS_TMP: /usr/local/keepalived/bin/status.tmp already exist, OK
2016-06-22 19:51:46 1466596306518649541 [CHECK] STATUS_TMP: /usr/local/keepalived/bin/status.tmp already exist, OK
2016-06-22 19:51:51 1466596311518916673 [CHECK] STATUS_TMP: /usr/local/keepalived/bin/status.tmp already exist, OK
2016-06-22 19:51:56 1466596316519020473 [CHECK] STATUS_TMP: /usr/local/keepalived/bin/status.tmp already exist, OK
2016-06-22 19:52:01 1466596321518922373 [CHECK] STATUS_TMP: /usr/local/keepalived/bin/status.tmp already exist, OK
2016-06-22 19:52:06 1466596326520697340 [CHECK] STATUS_TMP: /usr/local/keepalived/bin/status.tmp already exist, OK
2016-06-22 19:52:11 1466596331519212473 [CHECK] STATUS_TMP: /usr/local/keepalived/bin/status.tmp already exist, OK
2016-06-22 19:52:16 1466596336519556273 [CHECK] STATUS_TMP: /usr/local/keepalived/bin/status.tmp already exist, OK
2016-06-22 19:52:21 1466596341519417874 [CHECK] STATUS_TMP: /usr/local/keepalived/bin/status.tmp already exist, OK
2016-06-22 19:52:26 1466596346521153475 [CHECK] File removed: /usr/local/keepalived/bin/status.tmp
2016-08-13 21:31:27 1471095087361905373 [NOTIFY] state change to STOP
2016-08-14 04:05:47 1471118747464793174 [NOTIFY] state change to BACKUP
OK Already connected to specified master
2016-08-14 04:05:52 1471118752443301012 [CHECK] STATUS_TMP: /usr/local/keepalived/bin/status.tmp already exist, OK
2016-08-14 04:05:57 1471118757429306074 [CHECK] STATUS_TMP: /usr/local/keepalived/bin/status.tmp already exist, OK
2016-08-14 04:06:02 1471118762445284374 [CHECK] STATUS_TMP: /usr/local/keepalived/bin/status.tmp already exist, OK
2016-08-14 04:06:07 1471118767429427774 [CHECK] STATUS_TMP: /usr/local/keepalived/bin/status.tmp already exist, OK
2016-08-14 04:06:12 1471118772430013273 [CHECK] STATUS_TMP: /usr/local/keepalived/bin/status.tmp already exist, OK
2016-08-14 04:06:17 1471118777430527574 [CHECK] STATUS_TMP: /usr/local/keepalived/bin/status.tmp already exist, OK
2016-08-14 04:06:22 1471118782430531102 [CHECK] STATUS_TMP: /usr/local/keepalived/bin/status.tmp already exist, OK
2016-08-14 04:06:27 1471118787430827273 [CHECK] STATUS_TMP: /usr/local/keepalived/bin/status.tmp already exist, OK
2016-08-14 04:06:32 1471118792431210674 [CHECK] STATUS_TMP: /usr/local/keepalived/bin/status.tmp already exist, OK
2016-08-14 04:06:37 1471118797431706474 [CHECK] STATUS_TMP: /usr/local/keepalived/bin/status.tmp already exist, OK
2016-08-14 04:06:42 1471118802431921653 [CHECK] STATUS_TMP: /usr/local/keepalived/bin/status.tmp already exist, OK
2016-08-14 04:06:47 1471118807431791674 [CHECK] STATUS_TMP: /usr/local/keepalived/bin/status.tmp already exist, OK
2016-08-14 04:06:52 1471118812432755973 [CHECK] STATUS_TMP: /usr/local/keepalived/bin/status.tmp already exist, OK
2016-08-14 04:06:57 1471118817432735831 [CHECK] STATUS_TMP: /usr/local/keepalived/bin/status.tmp already exist, OK
2016-08-14 04:07:02 1471118822432849873 [CHECK] STATUS_TMP: /usr/local/keepalived/bin/status.tmp already exist, OK
2016-08-14 04:07:07 1471118827433046373 [CHECK] STATUS_TMP: /usr/local/keepalived/bin/status.tmp already exist, OK
2016-08-14 04:07:12 1471118832433703025 [CHECK] STATUS_TMP: /usr/local/keepalived/bin/status.tmp already exist, OK
2016-08-14 04:07:17 1471118837433566673 [CHECK] STATUS_TMP: /usr/local/keepalived/bin/status.tmp already exist, OK
2016-08-14 04:07:22 1471118842434713076 [CHECK] STATUS_TMP: /usr/local/keepalived/bin/status.tmp already exist, OK
2016-08-14 04:07:27 1471118847434224873 [CHECK] STATUS_TMP: /usr/local/keepalived/bin/status.tmp already exist, OK
2016-08-14 04:07:32 1471118852439609873 [CHECK] STATUS_TMP: /usr/local/keepalived/bin/status.tmp already exist, OK
2016-08-14 04:07:37 1471118857434536172 [CHECK] STATUS_TMP: /usr/local/keepalived/bin/status.tmp already exist, OK
2016-08-14 04:07:42 1471118862434906973 [CHECK] STATUS_TMP: /usr/local/keepalived/bin/status.tmp already exist, OK
2016-08-14 04:07:47 1471118867435306173 [CHECK] STATUS_TMP: /usr/local/keepalived/bin/status.tmp already exist, OK
2016-08-14 04:07:52 1471118872435644653 [CHECK] STATUS_TMP: /usr/local/keepalived/bin/status.tmp already exist, OK
2016-08-14 04:07:57 1471118877435743819 [CHECK] STATUS_TMP: /usr/local/keepalived/bin/status.tmp already exist, OK
2016-08-14 04:08:02 1471118882436217274 [CHECK] STATUS_TMP: /usr/local/keepalived/bin/status.tmp already exist, OK
2016-08-14 04:08:07 1471118887436106873 [CHECK] STATUS_TMP: /usr/local/keepalived/bin/status.tmp already exist, OK
2016-08-14 04:08:12 1471118892436316774 [CHECK] STATUS_TMP: /usr/local/keepalived/bin/status.tmp already exist, OK
2016-08-14 04:08:17 1471118897436477273 [CHECK] STATUS_TMP: /usr/local/keepalived/bin/status.tmp already exist, OK
2016-08-14 04:08:22 1471118902436932520 [CHECK] STATUS_TMP: /usr/local/keepalived/bin/status.tmp already exist, OK
2016-08-14 04:08:27 1471118907436885574 [CHECK] STATUS_TMP: /usr/local/keepalived/bin/status.tmp already exist, OK
2016-08-14 04:08:32 1471118912437465974 [CHECK] STATUS_TMP: /usr/local/keepalived/bin/status.tmp already exist, OK
2016-08-14 04:08:37 1471118917437635967 [CHECK] STATUS_TMP: /usr/local/keepalived/bin/status.tmp already exist, OK
2016-08-14 04:08:42 1471118922438303027 [CHECK] STATUS_TMP: /usr/local/keepalived/bin/status.tmp already exist, OK
2016-08-14 04:08:47 1471118927437813773 [CHECK] STATUS_TMP: /usr/local/keepalived/bin/status.tmp already exist, OK
2016-08-14 04:08:52 1471118932438312773 [CHECK] STATUS_TMP: /usr/local/keepalived/bin/status.tmp already exist, OK
2016-08-14 04:08:57 1471118937438682785 [CHECK] STATUS_TMP: /usr/local/keepalived/bin/status.tmp already exist, OK
2016-08-14 04:09:02 1471118942438804273 [CHECK] STATUS_TMP: /usr/local/keepalived/bin/status.tmp already exist, OK
2016-08-14 04:09:07 1471118947438708873 [CHECK] STATUS_TMP: /usr/local/keepalived/bin/status.tmp already exist, OK
2016-08-14 04:09:12 1471118952439486165 [CHECK] STATUS_TMP: /usr/local/keepalived/bin/status.tmp already exist, OK
2016-08-14 04:09:17 1471118957439069173 [CHECK] STATUS_TMP: /usr/local/keepalived/bin/status.tmp already exist, OK
2016-08-14 04:09:22 1471118962439328790 [CHECK] STATUS_TMP: /usr/local/keepalived/bin/status.tmp already exist, OK
2016-08-14 04:09:27 1471118967439880968 [CHECK] STATUS_TMP: /usr/local/keepalived/bin/status.tmp already exist, OK
2016-08-14 04:09:32 1471118972439807812 [CHECK] STATUS_TMP: /usr/local/keepalived/bin/status.tmp already exist, OK
2016-08-14 04:09:37 1471118977439900374 [CHECK] STATUS_TMP: /usr/local/keepalived/bin/status.tmp already exist, OK
2016-08-14 04:09:42 1471118982440290774 [CHECK] STATUS_TMP: /usr/local/keepalived/bin/status.tmp already exist, OK
2016-08-14 04:09:47 1471118987440109674 [CHECK] STATUS_TMP: /usr/local/keepalived/bin/status.tmp already exist, OK
2016-08-14 04:09:52 1471118992440780444 [CHECK] STATUS_TMP: /usr/local/keepalived/bin/status.tmp already exist, OK
2016-08-14 04:09:57 1471118997440479974 [CHECK] STATUS_TMP: /usr/local/keepalived/bin/status.tmp already exist, OK
2016-08-14 04:10:02 1471119002445283073 [CHECK] STATUS_TMP: /usr/local/keepalived/bin/status.tmp already exist, OK
2016-08-14 04:10:07 1471119007440650271 [CHECK] STATUS_TMP: /usr/local/keepalived/bin/status.tmp already exist, OK
2016-08-14 04:10:12 1471119012440838296 [CHECK] STATUS_TMP: /usr/local/keepalived/bin/status.tmp already exist, OK
2016-08-14 04:10:17 1471119017440932673 [CHECK] STATUS_TMP: /usr/local/keepalived/bin/status.tmp already exist, OK
2016-08-14 04:10:22 1471119022441151873 [CHECK] STATUS_TMP: /usr/local/keepalived/bin/status.tmp already exist, OK
2016-08-14 04:10:27 1471119027441263603 [CHECK] STATUS_TMP: /usr/local/keepalived/bin/status.tmp already exist, OK
2016-08-14 04:10:32 1471119032441299972 [CHECK] STATUS_TMP: /usr/local/keepalived/bin/status.tmp already exist, OK
2016-08-14 04:10:37 1471119037441800814 [CHECK] STATUS_TMP: /usr/local/keepalived/bin/status.tmp already exist, OK
2016-08-14 04:10:42 1471119042441883173 [CHECK] STATUS_TMP: /usr/local/keepalived/bin/status.tmp already exist, OK
2016-08-14 04:10:47 1471119047443284273 [CHECK] File removed: /usr/local/keepalived/bin/status.tmp
